<?xml version="1.0" encoding="UTF-8"?>
<!-- Generated by org.testng.reporters.JUnitReportReporter -->
<testsuite hostname="2917TD2" failures="0" tests="2" name="udemy.Get_example" time="3.233" errors="0" timestamp="24 May 2019 20:30:47 GMT" skipped="0">
  <testcase classname="udemy.Get_example" name="get_test1" time="1.700"/>
  <testcase classname="udemy.Get_example" name="post_test1" time="1.533"/>
</testsuite> <!-- udemy.Get_example -->
