<?xml version="1.0" encoding="UTF-8"?>
<!-- Generated by org.testng.reporters.JUnitReportReporter -->
<testsuite hostname="2917TD2" failures="0" tests="1" name="getRequest.authentication" time="1.223" errors="0" timestamp="29 Mar 2019 19:25:57 GMT" skipped="0">
  <testcase classname="getRequest.authentication" name="test1" time="1.223"/>
</testsuite> <!-- getRequest.authentication -->
