<?xml version="1.0" encoding="UTF-8"?>
<!-- Generated by org.testng.reporters.JUnitReportReporter -->
<testsuite hostname="2917TD2" failures="0" tests="2" name="catapult_Health_test_case.Create_or_Modify_Key_Value_Pair" time="2.654" errors="0" timestamp="02 Jun 2019 00:42:42 GMT" skipped="0">
  <testcase classname="catapult_Health_test_case.Create_or_Modify_Key_Value_Pair" name="create_key_value_pair" time="0.928"/>
  <testcase classname="catapult_Health_test_case.Create_or_Modify_Key_Value_Pair" name="check_created_key_value_pair" time="1.726"/>
</testsuite> <!-- catapult_Health_test_case.Create_or_Modify_Key_Value_Pair -->
