<?xml version="1.0" encoding="UTF-8"?>
<!-- Generated by org.testng.reporters.JUnitReportReporter -->
<testsuite hostname="2917TD2" failures="0" tests="2" name="catapult_Health_test_case.Get_All_Keys" time="3.108" errors="0" timestamp="02 Jun 2019 16:37:50 GMT" skipped="0">
  <testcase classname="catapult_Health_test_case.Get_All_Keys" name="test" time="2.232"/>
  <testcase classname="catapult_Health_test_case.Get_All_Keys" name="test" time="0.876"/>
</testsuite> <!-- catapult_Health_test_case.Get_All_Keys -->
