<?xml version="1.0" encoding="UTF-8"?>
<!-- Generated by org.testng.reporters.JUnitReportReporter -->
<testsuite hostname="2917TD2" failures="0" tests="1" name="catapult_Health_test_case.Create_library" time="1.727" errors="0" timestamp="01 Jun 2019 01:56:47 GMT" skipped="0">
  <testcase classname="catapult_Health_test_case.Create_library" name="Create_new_library" time="1.727"/>
</testsuite> <!-- catapult_Health_test_case.Create_library -->
