<?xml version="1.0" encoding="UTF-8"?>
<!-- Generated by org.testng.reporters.JUnitReportReporter -->
<testsuite hostname="2917TD2" failures="0" tests="2" name="catapult_Health_test_case.Jira_testing" time="0.262" errors="1" timestamp="01 Jun 2019 20:54:40 GMT" skipped="0">
  <testcase classname="catapult_Health_test_case.Jira_testing" name="jira_api_post" time="0.258"/>
  <testcase classname="catapult_Health_test_case.Jira_testing" name="jira_api_post_update_comment" time="0.004">
    <error message="Unresolved compilation problems: 
	The method jira_post_Session_key() is undefined for the type Base_class
	The method JiraData_post_update_ticket_comment() is undefined for the type Resources_data
	The operator + is undefined for the argument type(s) String, void
	Cannot make a static reference to the non-static method jira_api_post() from the type Jira_testing
" type="java.lang.Error">
      <![CDATA[java.lang.Error: Unresolved compilation problems: 
The method jira_post_Session_key() is undefined for the type Base_class
The method JiraData_post_update_ticket_comment() is undefined for the type Resources_data
The operator + is undefined for the argument type(s) String, void
Cannot make a static reference to the non-static method jira_api_post() from the type Jira_testing

at catapult_Health_test_case.Jira_testing.jira_api_post_update_comment(Jira_testing.java:94)
at java.base/jdk.internal.reflect.NativeMethodAccessorImpl.invoke0(Native Method)
at java.base/jdk.internal.reflect.NativeMethodAccessorImpl.invoke(Unknown Source)
at java.base/jdk.internal.reflect.DelegatingMethodAccessorImpl.invoke(Unknown Source)
at java.base/java.lang.reflect.Method.invoke(Unknown Source)
at org.testng.internal.MethodInvocationHelper.invokeMethod(MethodInvocationHelper.java:124)
at org.testng.internal.Invoker.invokeMethod(Invoker.java:583)
at org.testng.internal.Invoker.invokeTestMethod(Invoker.java:719)
at org.testng.internal.Invoker.invokeTestMethods(Invoker.java:989)
at org.testng.internal.TestMethodWorker.invokeTestMethods(TestMethodWorker.java:125)
at org.testng.internal.TestMethodWorker.run(TestMethodWorker.java:109)
at org.testng.TestRunner.privateRun(TestRunner.java:648)
at org.testng.TestRunner.run(TestRunner.java:505)
at org.testng.SuiteRunner.runTest(SuiteRunner.java:455)
at org.testng.SuiteRunner.runSequentially(SuiteRunner.java:450)
at org.testng.SuiteRunner.privateRun(SuiteRunner.java:415)
at org.testng.SuiteRunner.run(SuiteRunner.java:364)
at org.testng.SuiteRunnerWorker.runSuite(SuiteRunnerWorker.java:52)
at org.testng.SuiteRunnerWorker.run(SuiteRunnerWorker.java:84)
at org.testng.TestNG.runSuitesSequentially(TestNG.java:1208)
at org.testng.TestNG.runSuitesLocally(TestNG.java:1137)
at org.testng.TestNG.runSuites(TestNG.java:1049)
at org.testng.TestNG.run(TestNG.java:1017)
at org.testng.remote.AbstractRemoteTestNG.run(AbstractRemoteTestNG.java:114)
at org.testng.remote.RemoteTestNG.initAndRun(RemoteTestNG.java:251)
at org.testng.remote.RemoteTestNG.main(RemoteTestNG.java:77)
]]>
    </error>
  </testcase> <!-- jira_api_post_update_comment -->
</testsuite> <!-- catapult_Health_test_case.Jira_testing -->
