<?xml version="1.0" encoding="UTF-8"?>
<!-- Generated by org.testng.reporters.JUnitReportReporter -->
<testsuite hostname="2917TD2" failures="0" tests="2" name="catapult_Health_test_case.Modify_Key_Value_Pair" time="2.628" errors="0" timestamp="02 Jun 2019 15:26:39 GMT" skipped="0">
  <testcase classname="catapult_Health_test_case.Modify_Key_Value_Pair" name="ModifyKeyValuePair" time="2.096"/>
  <testcase classname="catapult_Health_test_case.Modify_Key_Value_Pair" name="ModifyKeyValuePair" time="0.532"/>
</testsuite> <!-- catapult_Health_test_case.Modify_Key_Value_Pair -->
