<?xml version="1.0" encoding="UTF-8"?>
<!-- Generated by org.testng.reporters.JUnitReportReporter -->
<testsuite hostname="2917TD2" failures="0" tests="2" name="catapult_Health_test_case.Delete_Key_Value_Pair" time="2.554" errors="0" timestamp="02 Jun 2019 16:39:28 GMT" skipped="0">
  <testcase classname="catapult_Health_test_case.Delete_Key_Value_Pair" name="delete_key_value_pair" time="0.536"/>
  <testcase classname="catapult_Health_test_case.Delete_Key_Value_Pair" name="delete_key_value_pair" time="2.018"/>
</testsuite> <!-- catapult_Health_test_case.Delete_Key_Value_Pair -->
