<?xml version="1.0" encoding="UTF-8"?>
<!-- Generated by org.testng.reporters.JUnitReportReporter -->
<testsuite hostname="2917TD2" failures="0" tests="2" name="catapult_Health_test_case.Create_Key_Value_Pair" time="2.623" errors="0" timestamp="02 Jun 2019 16:37:14 GMT" skipped="0">
  <testcase classname="catapult_Health_test_case.Create_Key_Value_Pair" name="create_key_value_pair" time="2.091"/>
  <testcase classname="catapult_Health_test_case.Create_Key_Value_Pair" name="create_key_value_pair" time="0.532"/>
</testsuite> <!-- catapult_Health_test_case.Create_Key_Value_Pair -->
