<?xml version="1.0" encoding="UTF-8"?>
<!-- Generated by org.testng.reporters.JUnitReportReporter -->
<testsuite hostname="2917TD2" failures="0" tests="2" name="test_script.Test_class" time="3.073" errors="0" timestamp="02 Jun 2019 16:31:54 GMT" skipped="0">
  <testcase classname="test_script.Test_class" name="test" time="2.186"/>
  <testcase classname="test_script.Test_class" name="test" time="0.887"/>
</testsuite> <!-- test_script.Test_class -->
