<?xml version="1.0" encoding="UTF-8"?>
<!-- Generated by org.testng.reporters.JUnitReportReporter -->
<testsuite hostname="2917TD2" failures="0" tests="2" name="udemy_test_case.Get_example" time="3.316" errors="0" timestamp="29 May 2019 01:33:14 GMT" skipped="0">
  <testcase classname="udemy_test_case.Get_example" name="get_test1" time="2.101"/>
  <testcase classname="udemy_test_case.Get_example" name="post_test1" time="1.215"/>
</testsuite> <!-- udemy_test_case.Get_example -->
