<?xml version="1.0" encoding="UTF-8"?>
<!-- Generated by org.testng.reporters.JUnitReportReporter -->
<testsuite hostname="2917TD2" failures="0" tests="3" name="udemy_test_case.ExcelDriver" time="3.242" errors="0" timestamp="29 May 2019 02:37:35 GMT" skipped="0">
  <testcase classname="udemy_test_case.ExcelDriver" name="post_test_addbook" time="0.566"/>
  <testcase classname="udemy_test_case.ExcelDriver" name="post_test_addbook" time="2.102"/>
  <testcase classname="udemy_test_case.ExcelDriver" name="post_test_addbook" time="0.574"/>
</testsuite> <!-- udemy_test_case.ExcelDriver -->
