<?xml version="1.0" encoding="UTF-8"?>
<!-- Generated by org.testng.reporters.JUnitReportReporter -->
<testsuite hostname="2917TD2" failures="0" tests="3" name="getRequest.GetData" time="1.260" errors="0" timestamp="01 May 2019 21:50:07 GMT" skipped="0">
  <testcase classname="getRequest.GetData" name="use_data_run1" time="0.134"/>
  <testcase classname="getRequest.GetData" name="use_data_run1" time="0.102"/>
  <testcase classname="getRequest.GetData" name="use_data_run1" time="1.024"/>
</testsuite> <!-- getRequest.GetData -->
